
    ERROR: Something went wrong in Operation 2
    STACK TRACE: Error: Something went wrong in Operation 2
    at performOperations (E:\sonicbolt\error handling\task5.js:31:11)
    at Object.<anonymous> (E:\sonicbolt\error handling\task5.js:54:1)
    at Module._compile (node:internal/modules/cjs/loader:1376:14)
    at Module._extensions..js (node:internal/modules/cjs/loader:1435:10)
    at Module.load (node:internal/modules/cjs/loader:1207:32)
    at Module._load (node:internal/modules/cjs/loader:1023:12)
    at Function.executeUserEntryPoint [as runMain] (node:internal/modules/run_main:135:12)
    at node:internal/main/run_main_module:28:49
    ------------------------
    
    ERROR: Something went wrong in Operation 2
    STACK TRACE: Error: Something went wrong in Operation 2
    at performOperations (C:\training\error handling\task5.js:31:11)
    at Object.<anonymous> (C:\training\error handling\task5.js:54:1)
    at Module._compile (node:internal/modules/cjs/loader:1358:14)
    at Module._extensions..js (node:internal/modules/cjs/loader:1416:10)
    at Module.load (node:internal/modules/cjs/loader:1208:32)
    at Module._load (node:internal/modules/cjs/loader:1024:12)
    at Function.executeUserEntryPoint [as runMain] (node:internal/modules/run_main:174:12)
    at node:internal/main/run_main_module:28:49
    ------------------------
    
    ERROR: Risky operation failed
    STACK TRACE: Error: Risky operation failed
    at riskyOperation (C:\training\error handling\task5.js:48:11)
    at performOperations (C:\training\error handling\task5.js:36:20)
    at Object.<anonymous> (C:\training\error handling\task5.js:54:1)
    at Module._compile (node:internal/modules/cjs/loader:1358:14)
    at Module._extensions..js (node:internal/modules/cjs/loader:1416:10)
    at Module.load (node:internal/modules/cjs/loader:1208:32)
    at Module._load (node:internal/modules/cjs/loader:1024:12)
    at Function.executeUserEntryPoint [as runMain] (node:internal/modules/run_main:174:12)
    at node:internal/main/run_main_module:28:49
    ------------------------
    